<?xml version="1.0" encoding="UTF-8"?>
<!-- Generated by org.testng.reporters.JUnitXMLReporter -->
<testsuite ignored="0" hostname="DESKTOP-AF33508" failures="0" tests="2" name="Test_Login_Page" time="15.626" errors="0" timestamp="2023-09-25T17:36:17 IST">
  <testcase classname="beforetest_aftertest_annotations.Login_Page" name="testInvalidLogin" time="2.952"/>
  <testcase classname="beforetest_aftertest_annotations.Login_Page" name="testValidLogin" time="2.119"/>
</testsuite> <!-- Test_Login_Page -->
