<?xml version="1.0" encoding="UTF-8"?>
<testng-results ignored="0" total="2" passed="2" failed="0" skipped="0">
  <reporter-output>
  </reporter-output>
  <suite started-at="2023-09-25T15:39:44 IST" name="Default suite" finished-at="2023-09-25T15:40:22 IST" duration-ms="37741">
    <groups>
    </groups>
    <test started-at="2023-09-25T15:39:44 IST" name="Default test" finished-at="2023-09-25T15:40:22 IST" duration-ms="37741">
      <class name="beforemethod_aftermethod_annotations.BeforeMethod_AfterMethod_Annotation">
        <test-method is-config="true" signature="login()[pri:0, instance:beforemethod_aftermethod_annotations.BeforeMethod_AfterMethod_Annotation@4550bb58]" started-at="2023-09-25T15:39:44 IST" name="login" finished-at="2023-09-25T15:40:02 IST" duration-ms="17952" status="PASS">
          <reporter-output>
          </reporter-output>
        </test-method> <!-- login -->
        <test-method signature="testAdminPage()[pri:0, instance:beforemethod_aftermethod_annotations.BeforeMethod_AfterMethod_Annotation@4550bb58]" started-at="2023-09-25T15:40:02 IST" name="testAdminPage" finished-at="2023-09-25T15:40:07 IST" duration-ms="5164" status="PASS">
          <reporter-output>
          </reporter-output>
        </test-method> <!-- testAdminPage -->
        <test-method is-config="true" signature="logout()[pri:0, instance:beforemethod_aftermethod_annotations.BeforeMethod_AfterMethod_Annotation@4550bb58]" started-at="2023-09-25T15:40:07 IST" name="logout" finished-at="2023-09-25T15:40:09 IST" duration-ms="1573" status="PASS">
          <reporter-output>
          </reporter-output>
        </test-method> <!-- logout -->
        <test-method is-config="true" signature="login()[pri:0, instance:beforemethod_aftermethod_annotations.BeforeMethod_AfterMethod_Annotation@4550bb58]" started-at="2023-09-25T15:40:09 IST" name="login" finished-at="2023-09-25T15:40:16 IST" duration-ms="6716" status="PASS">
          <reporter-output>
          </reporter-output>
        </test-method> <!-- login -->
        <test-method signature="testDashboardPage()[pri:0, instance:beforemethod_aftermethod_annotations.BeforeMethod_AfterMethod_Annotation@4550bb58]" started-at="2023-09-25T15:40:16 IST" name="testDashboardPage" finished-at="2023-09-25T15:40:19 IST" duration-ms="2977" status="PASS">
          <reporter-output>
          </reporter-output>
        </test-method> <!-- testDashboardPage -->
        <test-method is-config="true" signature="logout()[pri:0, instance:beforemethod_aftermethod_annotations.BeforeMethod_AfterMethod_Annotation@4550bb58]" started-at="2023-09-25T15:40:19 IST" name="logout" finished-at="2023-09-25T15:40:22 IST" duration-ms="3314" status="PASS">
          <reporter-output>
          </reporter-output>
        </test-method> <!-- logout -->
      </class> <!-- beforemethod_aftermethod_annotations.BeforeMethod_AfterMethod_Annotation -->
    </test> <!-- Default test -->
  </suite> <!-- Default suite -->
</testng-results>
