<?xml version="1.0" encoding="UTF-8"?>
<testng-results ignored="0" total="2" passed="2" failed="0" skipped="0">
  <reporter-output>
  </reporter-output>
  <suite started-at="2023-09-25T21:08:57 IST" name="Suite" finished-at="2023-09-25T21:09:19 IST" duration-ms="22325">
    <groups>
      <group name="authentication">
        <method signature="Login_Page.testInvalidLogin()[pri:0, instance:beforegroups_aftergroups_annotations.Login_Page@1b7cc17c]" name="testInvalidLogin" class="beforegroups_aftergroups_annotations.Login_Page"/>
        <method signature="Login_Page.testValidLogin()[pri:0, instance:beforegroups_aftergroups_annotations.Login_Page@1b7cc17c]" name="testValidLogin" class="beforegroups_aftergroups_annotations.Login_Page"/>
      </group> <!-- authentication -->
    </groups>
    <test started-at="2023-09-25T21:08:57 IST" name="Test" finished-at="2023-09-25T21:09:19 IST" duration-ms="22325">
      <class name="beforegroups_aftergroups_annotations.Login_Page">
        <test-method is-config="true" signature="setupAuthentication()[pri:0, instance:beforegroups_aftergroups_annotations.Login_Page@1b7cc17c]" started-at="2023-09-25T21:08:57 IST" name="setupAuthentication" finished-at="2023-09-25T21:09:13 IST" duration-ms="16285" status="PASS">
          <reporter-output>
          </reporter-output>
        </test-method> <!-- setupAuthentication -->
        <test-method signature="testInvalidLogin()[pri:0, instance:beforegroups_aftergroups_annotations.Login_Page@1b7cc17c]" started-at="2023-09-25T21:09:13 IST" name="testInvalidLogin" finished-at="2023-09-25T21:09:16 IST" duration-ms="3344" status="PASS">
          <reporter-output>
          </reporter-output>
        </test-method> <!-- testInvalidLogin -->
        <test-method signature="testValidLogin()[pri:0, instance:beforegroups_aftergroups_annotations.Login_Page@1b7cc17c]" started-at="2023-09-25T21:09:16 IST" name="testValidLogin" finished-at="2023-09-25T21:09:19 IST" duration-ms="2324" status="PASS">
          <reporter-output>
          </reporter-output>
        </test-method> <!-- testValidLogin -->
        <test-method is-config="true" signature="teardownAuthentication()[pri:0, instance:beforegroups_aftergroups_annotations.Login_Page@1b7cc17c]" started-at="2023-09-25T21:09:19 IST" name="teardownAuthentication" finished-at="2023-09-25T21:09:19 IST" duration-ms="270" status="PASS">
          <reporter-output>
          </reporter-output>
        </test-method> <!-- teardownAuthentication -->
      </class> <!-- beforegroups_aftergroups_annotations.Login_Page -->
    </test> <!-- Test -->
  </suite> <!-- Suite -->
</testng-results>
