<?xml version="1.0" encoding="UTF-8"?>
<!-- Generated by org.testng.reporters.JUnitXMLReporter -->
<testsuite ignored="0" hostname="DESKTOP-AF33508" failures="0" tests="2" name="Default test" time="37.741" errors="0" timestamp="2023-09-25T15:40:22 IST">
  <testcase classname="beforemethod_aftermethod_annotations.BeforeMethod_AfterMethod_Annotation" name="testAdminPage" time="5.164"/>
  <testcase classname="beforemethod_aftermethod_annotations.BeforeMethod_AfterMethod_Annotation" name="testDashboardPage" time="2.977"/>
</testsuite> <!-- Default test -->
