<?xml version="1.0" encoding="UTF-8"?>
<!-- Generated by org.testng.reporters.JUnitXMLReporter -->
<testsuite ignored="0" hostname="DESKTOP-AF33508" failures="0" tests="2" name="Test_Login_Page" time="17.475" errors="0" timestamp="2023-09-25T17:18:49 IST">
  <testcase classname="beforesuite_aftersuite_annotations.Login_Page" name="testInvalidLogin" time="15.304"/>
  <testcase classname="beforesuite_aftersuite_annotations.Login_Page" name="testValidLogin" time="2.135"/>
</testsuite> <!-- Test_Login_Page -->
