<?xml version="1.0" encoding="UTF-8"?>
<!-- Generated by org.testng.reporters.JUnitXMLReporter -->
<testsuite ignored="0" hostname="DESKTOP-AF33508" failures="0" tests="2" name="Test_Other_Features" time="15.817" errors="0" timestamp="2023-09-25T15:59:50 IST">
  <testcase classname="beforetest_aftertest_annotations.Test_Forgot_Password_Page" name="testForgotPassword" time="0.531"/>
  <testcase classname="beforetest_aftertest_annotations.Test_OrangeHRMInc_Home_Page" name="testOrangeHRM" time="0.125"/>
</testsuite> <!-- Test_Other_Features -->
