<?xml version="1.0" encoding="UTF-8"?>
<!-- Generated by org.testng.reporters.JUnitXMLReporter -->
<testsuite ignored="0" hostname="DESKTOP-AF33508" failures="0" tests="2" name="Test_LoginPage" time="17.312" errors="0" timestamp="2023-09-25T16:01:19 IST">
  <testcase classname="beforetest_aftertest_annotations.Test_Login_Page" name="testInvalidLogin" time="2.226"/>
  <testcase classname="beforetest_aftertest_annotations.Test_Login_Page" name="testValidLogin" time="1.606"/>
</testsuite> <!-- Test_LoginPage -->
