<?xml version="1.0" encoding="UTF-8"?>
<!-- Generated by org.testng.reporters.JUnitXMLReporter -->
<testsuite ignored="1" hostname="DESKTOP-AF33508" failures="0" tests="2" name="Test" time="19.333" errors="0" timestamp="2023-09-25T21:23:22 IST">
  <testcase classname="beforegroups_aftergroups_annotations.Login_Page" name="testInvalidLogin" time="5.118"/>
  <testcase classname="beforegroups_aftergroups_annotations.Login_Page" name="testValidLogin" time="3.365"/>
  <testcase classname="beforegroups_aftergroups_annotations.Login_Page" name="testDashboard" time="0.0">
    <ignored/>
  </testcase> <!-- testDashboard -->
</testsuite> <!-- Test -->
