<?xml version="1.0" encoding="UTF-8"?>
<!-- Generated by org.testng.reporters.JUnitXMLReporter -->
<testsuite ignored="0" hostname="DESKTOP-AF33508" failures="0" tests="3" name="Test" time="34.899" errors="0" timestamp="2023-09-25T14:54:38 IST">
  <testcase classname="beforetest_aftertest_annotations.Test_Forgot_Password_Page" name="testForgotPassword" time="0.513"/>
  <testcase classname="beforetest_aftertest_annotations.Test_Login_Page" name="testLogin" time="1.57"/>
  <testcase classname="beforetest_aftertest_annotations.Test_OrangeHRMInc_Home_Page" name="testOrangeHRM" time="0.24"/>
</testsuite> <!-- Test -->
