<?xml version="1.0" encoding="UTF-8"?>
<!-- Generated by org.testng.reporters.JUnitXMLReporter -->
<testsuite ignored="0" hostname="DESKTOP-AF33508" failures="0" tests="2" name="Test_Features" time="11.402" errors="0" timestamp="2023-09-25T16:01:30 IST">
  <testcase classname="beforetest_aftertest_annotations.Test_Forgot_Password_Page" name="testForgotPassword" time="0.551"/>
  <testcase classname="beforetest_aftertest_annotations.Test_OrangeHRMInc_Home_Page" name="testOrangeHRM" time="0.12"/>
</testsuite> <!-- Test_Features -->
